<?xml version="1.0" encoding="UTF-8"?>
<!-- Generated by org.testng.reporters.JUnitReportReporter -->
<testsuite hostname="LP-213764107" failures="0" tests="1" name="configpackage.Assignment" time="22.959" errors="0" timestamp="2021-12-14T17:24:49 IST" skipped="0">
  <testcase classname="configpackage.Assignment" name="first_method" time="22.959"/>
  <system-out/>
</testsuite> <!-- configpackage.Assignment -->
