<?xml version="1.0" encoding="UTF-8"?>
<!-- Generated by org.testng.reporters.JUnitReportReporter -->
<testsuite hostname="LP-213764107" failures="0" tests="1" name="casestudy.Registertest" time="18.418" errors="0" timestamp="2021-12-28T18:56:47 IST" skipped="0">
  <testcase classname="casestudy.Registertest" name="first_method" time="18.418"/>
  <system-out/>
</testsuite> <!-- casestudy.Registertest -->
