<?xml version="1.0" encoding="UTF-8"?>
<!-- Generated by org.testng.reporters.JUnitReportReporter -->
<testsuite hostname="LP-213764107" failures="0" tests="1" name="casestudy.hometest" time="98.255" errors="0" timestamp="2021-12-29T15:22:04 IST" skipped="0">
  <testcase classname="casestudy.hometest" name="first_method" time="98.255"/>
  <system-out/>
</testsuite> <!-- casestudy.hometest -->
