<?xml version="1.0" encoding="UTF-8"?>
<!-- Generated by org.testng.reporters.JUnitReportReporter -->
<testsuite hostname="LP-213764107" failures="0" tests="1" name="casestudy.example" time="11.283" errors="0" timestamp="2021-12-25T19:17:55 IST" skipped="0">
  <testcase classname="casestudy.example" name="register" time="11.283"/>
  <system-out/>
</testsuite> <!-- casestudy.example -->
