<?xml version="1.0" encoding="UTF-8"?>
<!-- Generated by org.testng.reporters.JUnitReportReporter -->
<testsuite hostname="LP-213764107" failures="0" tests="2" name="loading.Assignment" time="26.461" errors="0" timestamp="2021-12-27T09:40:41 IST" skipped="0">
  <testcase classname="loading.Assignment" name="first_method" time="13.247"/>
  <system-out/>
  <testcase classname="loading.Assignment" name="second_method" time="13.214"/>
  <system-out/>
</testsuite> <!-- loading.Assignment -->
